<?xml version="1.0" encoding="UTF-8"?>
<!-- Generated by org.testng.reporters.JUnitReportReporter -->
<testsuite skipped="0" hostname="BG4WS0628" name="drivers.Demo" tests="1" failures="0" timestamp="29 Jun 2018 12:25:55 GMT" time="34.383" errors="0">
  <testcase name="TC_02" time="34.383" classname="drivers.Demo"/>
</testsuite> <!-- drivers.Demo -->
